INFO  - 2017-11-24 08:56:10.528; [   ] org.eclipse.jetty.util.log.Log; Logging initialized @481ms
INFO  - 2017-11-24 08:56:10.689; [   ] org.eclipse.jetty.server.Server; jetty-9.3.20.v20170531
INFO  - 2017-11-24 08:56:10.716; [   ] org.eclipse.jetty.deploy.providers.ScanningAppProvider; Deployment monitor [file:///C:/Users/Administrator/Desktop/solr-7.1.0/server/contexts/] at interval 0
INFO  - 2017-11-24 08:56:11.059; [   ] org.eclipse.jetty.webapp.StandardDescriptorProcessor; NO JSP Support for /solr, did not find org.apache.jasper.servlet.JspServlet
INFO  - 2017-11-24 08:56:11.089; [   ] org.apache.solr.servlet.SolrDispatchFilter;  ___      _       Welcome to Apache Solr? version 7.1.0
INFO  - 2017-11-24 08:56:11.093; [   ] org.apache.solr.servlet.SolrDispatchFilter; / __| ___| |_ _   Starting in cloud mode on port 7574
INFO  - 2017-11-24 08:56:11.094; [   ] org.apache.solr.servlet.SolrDispatchFilter; \__ \/ _ \ | '_|  Install dir: C:\Users\Administrator\Desktop\solr-7.1.0, Default config dir: C:\Users\Administrator\Desktop\solr-7.1.0\server\solr\configsets\_default\conf
INFO  - 2017-11-24 08:56:11.105; [   ] org.apache.solr.servlet.SolrDispatchFilter; |___/\___/_|_|    Start time: 2017-11-24T08:56:11.095Z
INFO  - 2017-11-24 08:56:11.121; [   ] org.apache.solr.core.SolrResourceLoader; Using system property solr.solr.home: C:\Users\Administrator\Desktop\solr-7.1.0\example\cloud\node2\solr
INFO  - 2017-11-24 08:56:11.178; [   ] org.apache.solr.servlet.SolrDispatchFilter; Loading solr.xml from SolrHome (not found in ZooKeeper)
INFO  - 2017-11-24 08:56:11.179; [   ] org.apache.solr.core.SolrXmlConfig; Loading container configuration from C:\Users\Administrator\Desktop\solr-7.1.0\example\cloud\node2\solr\solr.xml
INFO  - 2017-11-24 08:56:11.451; [   ] org.apache.solr.core.ZkContainer; Zookeeper client=localhost:9983
INFO  - 2017-11-24 08:56:11.508; [   ] org.apache.solr.common.cloud.ZkStateReader; Updated live nodes from ZooKeeper... (0) -> (1)
INFO  - 2017-11-24 08:56:11.527; [   ] org.apache.solr.cloud.Overseer; Overseer (id=null) closing
INFO  - 2017-11-24 08:56:11.544; [   ] org.apache.solr.cloud.ZkController; Register node as live in ZooKeeper:/live_nodes/192.168.1.149:7574_solr
INFO  - 2017-11-24 08:56:11.568; [   ] org.apache.solr.common.cloud.ZkStateReader; Updated live nodes from ZooKeeper... (1) -> (2)
INFO  - 2017-11-24 08:56:11.786; [   ] org.apache.solr.core.CorePropertiesLocator; Found 2 core definitions underneath C:\Users\Administrator\Desktop\solr-7.1.0\example\cloud\node2\solr
INFO  - 2017-11-24 08:56:11.787; [   ] org.apache.solr.core.CorePropertiesLocator; Cores are: [gettingstarted_shard1_replica_n1, gettingstarted_shard2_replica_n4]
INFO  - 2017-11-24 08:56:11.795; [   ] org.apache.solr.core.TransientSolrCoreCacheDefault; Allocating transient cache for 2147483647 transient cores
INFO  - 2017-11-24 08:56:11.846; [   ] org.apache.solr.core.RequestParams; conf resource params.json loaded . version : 0 
INFO  - 2017-11-24 08:56:11.849; [   ] org.apache.solr.core.RequestParams; request params refreshed to version 0
INFO  - 2017-11-24 08:56:11.860; [   ] org.apache.solr.core.SolrResourceLoader; [gettingstarted_shard1_replica_n1] Added 53 libs to classloader, from paths: [/C:/Users/Administrator/Desktop/solr-7.1.0/contrib/clustering/lib, /C:/Users/Administrator/Desktop/solr-7.1.0/contrib/extraction/lib, /C:/Users/Administrator/Desktop/solr-7.1.0/contrib/langid/lib, /C:/Users/Administrator/Desktop/solr-7.1.0/contrib/velocity/lib, /C:/Users/Administrator/Desktop/solr-7.1.0/dist]
INFO  - 2017-11-24 08:56:11.875; [   ] org.apache.solr.core.RequestParams; conf resource params.json loaded . version : 0 
INFO  - 2017-11-24 08:56:11.875; [   ] org.apache.solr.core.RequestParams; request params refreshed to version 0
INFO  - 2017-11-24 08:56:11.880; [   ] org.apache.solr.core.SolrResourceLoader; [gettingstarted_shard2_replica_n4] Added 53 libs to classloader, from paths: [/C:/Users/Administrator/Desktop/solr-7.1.0/contrib/clustering/lib, /C:/Users/Administrator/Desktop/solr-7.1.0/contrib/extraction/lib, /C:/Users/Administrator/Desktop/solr-7.1.0/contrib/langid/lib, /C:/Users/Administrator/Desktop/solr-7.1.0/contrib/velocity/lib, /C:/Users/Administrator/Desktop/solr-7.1.0/dist]
INFO  - 2017-11-24 08:56:12.004; [   ] org.apache.solr.core.SolrConfig; Using Lucene MatchVersion: 7.1.0
INFO  - 2017-11-24 08:56:12.117; [   ] org.apache.solr.core.SolrConfig; Using Lucene MatchVersion: 7.1.0
INFO  - 2017-11-24 08:56:12.168; [   ] org.apache.solr.schema.IndexSchema; [gettingstarted_shard1_replica_n1] Schema name=default-config
INFO  - 2017-11-24 08:56:12.268; [   ] org.apache.solr.schema.IndexSchema; [gettingstarted_shard2_replica_n4] Schema name=default-config
INFO  - 2017-11-24 08:56:12.816; [   ] org.apache.solr.schema.IndexSchema; Loaded schema default-config/1.6 with uniqueid field id
INFO  - 2017-11-24 08:56:12.823; [   ] org.apache.solr.schema.IndexSchema; Loaded schema default-config/1.6 with uniqueid field id
INFO  - 2017-11-24 08:56:12.980; [c:gettingstarted s:shard2 r:core_node7 x:gettingstarted_shard2_replica_n4] org.apache.solr.core.RequestParams; conf resource params.json loaded . version : 0 
INFO  - 2017-11-24 08:56:12.980; [c:gettingstarted s:shard2 r:core_node7 x:gettingstarted_shard2_replica_n4] org.apache.solr.core.RequestParams; request params refreshed to version 0
INFO  - 2017-11-24 08:56:12.985; [c:gettingstarted s:shard2 r:core_node7 x:gettingstarted_shard2_replica_n4] org.apache.solr.core.SolrResourceLoader; [gettingstarted_shard2_replica_n4] Added 53 libs to classloader, from paths: [/C:/Users/Administrator/Desktop/solr-7.1.0/contrib/clustering/lib, /C:/Users/Administrator/Desktop/solr-7.1.0/contrib/extraction/lib, /C:/Users/Administrator/Desktop/solr-7.1.0/contrib/langid/lib, /C:/Users/Administrator/Desktop/solr-7.1.0/contrib/velocity/lib, /C:/Users/Administrator/Desktop/solr-7.1.0/dist]
INFO  - 2017-11-24 08:56:13.031; [c:gettingstarted s:shard2 r:core_node7 x:gettingstarted_shard2_replica_n4] org.apache.solr.core.SolrConfig; Using Lucene MatchVersion: 7.1.0
INFO  - 2017-11-24 08:56:13.062; [c:gettingstarted s:shard2 r:core_node7 x:gettingstarted_shard2_replica_n4] org.apache.solr.schema.IndexSchema; [gettingstarted_shard2_replica_n4] Schema name=default-config
INFO  - 2017-11-24 08:56:13.083; [   ] org.eclipse.jetty.server.handler.ContextHandler; Started o.e.j.w.WebAppContext@305fd85d{/solr,file:///C:/Users/Administrator/Desktop/solr-7.1.0/server/solr-webapp/webapp/,AVAILABLE}{C:\Users\Administrator\Desktop\solr-7.1.0\server/solr-webapp/webapp}
INFO  - 2017-11-24 08:56:13.090; [   ] org.eclipse.jetty.server.AbstractConnector; Started ServerConnector@b83a9be{HTTP/1.1,[http/1.1]}{0.0.0.0:7574}
INFO  - 2017-11-24 08:56:13.090; [   ] org.eclipse.jetty.server.Server; Started @3045ms
INFO  - 2017-11-24 08:56:13.193; [c:gettingstarted s:shard1 r:core_node3 x:gettingstarted_shard1_replica_n1] org.apache.solr.core.RequestParams; conf resource params.json loaded . version : 0 
INFO  - 2017-11-24 08:56:13.193; [c:gettingstarted s:shard1 r:core_node3 x:gettingstarted_shard1_replica_n1] org.apache.solr.core.RequestParams; request params refreshed to version 0
INFO  - 2017-11-24 08:56:13.197; [c:gettingstarted s:shard1 r:core_node3 x:gettingstarted_shard1_replica_n1] org.apache.solr.core.SolrResourceLoader; [gettingstarted_shard1_replica_n1] Added 53 libs to classloader, from paths: [/C:/Users/Administrator/Desktop/solr-7.1.0/contrib/clustering/lib, /C:/Users/Administrator/Desktop/solr-7.1.0/contrib/extraction/lib, /C:/Users/Administrator/Desktop/solr-7.1.0/contrib/langid/lib, /C:/Users/Administrator/Desktop/solr-7.1.0/contrib/velocity/lib, /C:/Users/Administrator/Desktop/solr-7.1.0/dist]
INFO  - 2017-11-24 08:56:13.245; [c:gettingstarted s:shard1 r:core_node3 x:gettingstarted_shard1_replica_n1] org.apache.solr.core.SolrConfig; Using Lucene MatchVersion: 7.1.0
INFO  - 2017-11-24 08:56:13.276; [c:gettingstarted s:shard1 r:core_node3 x:gettingstarted_shard1_replica_n1] org.apache.solr.schema.IndexSchema; [gettingstarted_shard1_replica_n1] Schema name=default-config
INFO  - 2017-11-24 08:56:13.402; [c:gettingstarted s:shard2 r:core_node7 x:gettingstarted_shard2_replica_n4] org.apache.solr.schema.IndexSchema; Loaded schema default-config/1.6 with uniqueid field id
INFO  - 2017-11-24 08:56:13.452; [c:gettingstarted s:shard2 r:core_node7 x:gettingstarted_shard2_replica_n4] org.apache.solr.core.CoreContainer; Creating SolrCore 'gettingstarted_shard2_replica_n4' using configuration from collection gettingstarted, trusted=true
INFO  - 2017-11-24 08:56:13.462; [c:gettingstarted s:shard1 r:core_node3 x:gettingstarted_shard1_replica_n1] org.apache.solr.schema.IndexSchema; Loaded schema default-config/1.6 with uniqueid field id
INFO  - 2017-11-24 08:56:13.476; [c:gettingstarted s:shard2 r:core_node7 x:gettingstarted_shard2_replica_n4] org.apache.solr.core.SolrCore; solr.RecoveryStrategy.Builder
INFO  - 2017-11-24 08:56:13.481; [c:gettingstarted s:shard2 r:core_node7 x:gettingstarted_shard2_replica_n4] org.apache.solr.core.SolrCore; [[gettingstarted_shard2_replica_n4] ] Opening new SolrCore at [C:\Users\Administrator\Desktop\solr-7.1.0\example\cloud\node2\solr\gettingstarted_shard2_replica_n4], dataDir=[C:\Users\Administrator\Desktop\solr-7.1.0\example\cloud\node2\solr\gettingstarted_shard2_replica_n4\data\]
INFO  - 2017-11-24 08:56:13.516; [c:gettingstarted s:shard1 r:core_node3 x:gettingstarted_shard1_replica_n1] org.apache.solr.core.CoreContainer; Creating SolrCore 'gettingstarted_shard1_replica_n1' using configuration from collection gettingstarted, trusted=true
INFO  - 2017-11-24 08:56:13.517; [c:gettingstarted s:shard1 r:core_node3 x:gettingstarted_shard1_replica_n1] org.apache.solr.core.SolrCore; solr.RecoveryStrategy.Builder
INFO  - 2017-11-24 08:56:13.517; [c:gettingstarted s:shard1 r:core_node3 x:gettingstarted_shard1_replica_n1] org.apache.solr.core.SolrCore; [[gettingstarted_shard1_replica_n1] ] Opening new SolrCore at [C:\Users\Administrator\Desktop\solr-7.1.0\example\cloud\node2\solr\gettingstarted_shard1_replica_n1], dataDir=[C:\Users\Administrator\Desktop\solr-7.1.0\example\cloud\node2\solr\gettingstarted_shard1_replica_n1\data\]
INFO  - 2017-11-24 08:56:13.528; [c:gettingstarted s:shard2 r:core_node7 x:gettingstarted_shard2_replica_n4] org.apache.solr.response.XSLTResponseWriter; xsltCacheLifetimeSeconds=5
INFO  - 2017-11-24 08:56:13.528; [c:gettingstarted s:shard1 r:core_node3 x:gettingstarted_shard1_replica_n1] org.apache.solr.response.XSLTResponseWriter; xsltCacheLifetimeSeconds=5
INFO  - 2017-11-24 08:56:13.815; [c:gettingstarted s:shard1 r:core_node3 x:gettingstarted_shard1_replica_n1] org.apache.solr.update.UpdateHandler; Using UpdateLog implementation: org.apache.solr.update.UpdateLog
INFO  - 2017-11-24 08:56:13.815; [c:gettingstarted s:shard1 r:core_node3 x:gettingstarted_shard1_replica_n1] org.apache.solr.update.UpdateLog; Initializing UpdateLog: dataDir= defaultSyncLevel=FLUSH numRecordsToKeep=100 maxNumLogsToKeep=10 numVersionBuckets=65536
INFO  - 2017-11-24 08:56:13.815; [c:gettingstarted s:shard2 r:core_node7 x:gettingstarted_shard2_replica_n4] org.apache.solr.update.UpdateHandler; Using UpdateLog implementation: org.apache.solr.update.UpdateLog
INFO  - 2017-11-24 08:56:13.819; [c:gettingstarted s:shard2 r:core_node7 x:gettingstarted_shard2_replica_n4] org.apache.solr.update.UpdateLog; Initializing UpdateLog: dataDir= defaultSyncLevel=FLUSH numRecordsToKeep=100 maxNumLogsToKeep=10 numVersionBuckets=65536
INFO  - 2017-11-24 08:56:13.839; [c:gettingstarted s:shard1 r:core_node3 x:gettingstarted_shard1_replica_n1] org.apache.solr.update.CommitTracker; Hard AutoCommit: if uncommited for 15000ms; 
INFO  - 2017-11-24 08:56:13.839; [c:gettingstarted s:shard1 r:core_node3 x:gettingstarted_shard1_replica_n1] org.apache.solr.update.CommitTracker; Soft AutoCommit: if uncommited for 3000ms; 
INFO  - 2017-11-24 08:56:13.845; [c:gettingstarted s:shard2 r:core_node7 x:gettingstarted_shard2_replica_n4] org.apache.solr.update.CommitTracker; Hard AutoCommit: if uncommited for 15000ms; 
INFO  - 2017-11-24 08:56:13.846; [c:gettingstarted s:shard2 r:core_node7 x:gettingstarted_shard2_replica_n4] org.apache.solr.update.CommitTracker; Soft AutoCommit: if uncommited for 3000ms; 
INFO  - 2017-11-24 08:56:14.016; [c:gettingstarted s:shard2 r:core_node7 x:gettingstarted_shard2_replica_n4] org.apache.solr.search.SolrIndexSearcher; Opening [Searcher@4c33cac9[gettingstarted_shard2_replica_n4] main]
INFO  - 2017-11-24 08:56:14.044; [c:gettingstarted s:shard2 r:core_node7 x:gettingstarted_shard2_replica_n4] org.apache.solr.rest.ManagedResourceStorage$ZooKeeperStorageIO; Configured ZooKeeperStorageIO with znodeBase: /configs/gettingstarted
INFO  - 2017-11-24 08:56:14.055; [c:gettingstarted s:shard2 r:core_node7 x:gettingstarted_shard2_replica_n4] org.apache.solr.rest.ManagedResourceStorage; Loaded null at path _rest_managed.json using ZooKeeperStorageIO:path=/configs/gettingstarted
INFO  - 2017-11-24 08:56:14.057; [c:gettingstarted s:shard2 r:core_node7 x:gettingstarted_shard2_replica_n4] org.apache.solr.schema.ZkIndexSchemaReader; Creating ZooKeeper watch for the managed schema at /configs/gettingstarted/managed-schema
INFO  - 2017-11-24 08:56:14.061; [c:gettingstarted s:shard2 r:core_node7 x:gettingstarted_shard2_replica_n4] org.apache.solr.schema.ZkIndexSchemaReader; Current schema version 10 is already the latest
INFO  - 2017-11-24 08:56:14.069; [c:gettingstarted s:shard2 r:core_node7 x:gettingstarted_shard2_replica_n4] org.apache.solr.handler.component.SpellCheckComponent; Initializing spell checkers
INFO  - 2017-11-24 08:56:14.074; [c:gettingstarted s:shard2 r:core_node7 x:gettingstarted_shard2_replica_n4] org.apache.solr.spelling.DirectSolrSpellChecker; init: {name=default,field=_text_,classname=solr.DirectSolrSpellChecker,distanceMeasure=internal,accuracy=0.5,maxEdits=2,minPrefix=1,maxInspections=5,minQueryLength=4,maxQueryFrequency=0.01}
INFO  - 2017-11-24 08:56:14.085; [c:gettingstarted s:shard2 r:core_node7 x:gettingstarted_shard2_replica_n4] org.apache.solr.handler.ReplicationHandler; Commits will be reserved for 10000ms.
INFO  - 2017-11-24 08:56:14.106; [c:gettingstarted s:shard1 r:core_node3 x:gettingstarted_shard1_replica_n1] org.apache.solr.search.SolrIndexSearcher; Opening [Searcher@4bfe4581[gettingstarted_shard1_replica_n1] main]
INFO  - 2017-11-24 08:56:14.143; [c:gettingstarted s:shard2 r:core_node7 x:gettingstarted_shard2_replica_n4] org.apache.solr.core.QuerySenderListener; QuerySenderListener sending requests to Searcher@4c33cac9[gettingstarted_shard2_replica_n4] main{ExitableDirectoryReader(UninvertingDirectoryReader(Uninverting(_0(7.1.0):C8) Uninverting(_1(7.1.0):C10) Uninverting(_2(7.1.0):C6) Uninverting(_3(7.1.0):C2) Uninverting(_4(7.1.0):C4)))}
INFO  - 2017-11-24 08:56:14.144; [c:gettingstarted s:shard2 r:core_node7 x:gettingstarted_shard2_replica_n4] org.apache.solr.core.QuerySenderListener; QuerySenderListener done.
INFO  - 2017-11-24 08:56:14.144; [c:gettingstarted s:shard2 r:core_node7 x:gettingstarted_shard2_replica_n4] org.apache.solr.handler.component.SpellCheckComponent$SpellCheckerListener; Loading spell index for spellchecker: default
INFO  - 2017-11-24 08:56:14.147; [c:gettingstarted s:shard2 r:core_node7 x:gettingstarted_shard2_replica_n4] org.apache.solr.core.SolrCore; [gettingstarted_shard2_replica_n4] Registered new searcher Searcher@4c33cac9[gettingstarted_shard2_replica_n4] main{ExitableDirectoryReader(UninvertingDirectoryReader(Uninverting(_0(7.1.0):C8) Uninverting(_1(7.1.0):C10) Uninverting(_2(7.1.0):C6) Uninverting(_3(7.1.0):C2) Uninverting(_4(7.1.0):C4)))}
INFO  - 2017-11-24 08:56:14.241; [c:gettingstarted s:shard1 r:core_node3 x:gettingstarted_shard1_replica_n1] org.apache.solr.rest.ManagedResourceStorage$ZooKeeperStorageIO; Configured ZooKeeperStorageIO with znodeBase: /configs/gettingstarted
INFO  - 2017-11-24 08:56:14.255; [c:gettingstarted s:shard1 r:core_node3 x:gettingstarted_shard1_replica_n1] org.apache.solr.rest.ManagedResourceStorage; Loaded null at path _rest_managed.json using ZooKeeperStorageIO:path=/configs/gettingstarted
INFO  - 2017-11-24 08:56:14.256; [c:gettingstarted s:shard1 r:core_node3 x:gettingstarted_shard1_replica_n1] org.apache.solr.schema.ZkIndexSchemaReader; Creating ZooKeeper watch for the managed schema at /configs/gettingstarted/managed-schema
INFO  - 2017-11-24 08:56:14.302; [c:gettingstarted s:shard1 r:core_node3 x:gettingstarted_shard1_replica_n1] org.apache.solr.schema.ZkIndexSchemaReader; Current schema version 10 is already the latest
INFO  - 2017-11-24 08:56:14.302; [c:gettingstarted s:shard1 r:core_node3 x:gettingstarted_shard1_replica_n1] org.apache.solr.handler.component.SpellCheckComponent; Initializing spell checkers
INFO  - 2017-11-24 08:56:14.302; [c:gettingstarted s:shard1 r:core_node3 x:gettingstarted_shard1_replica_n1] org.apache.solr.spelling.DirectSolrSpellChecker; init: {name=default,field=_text_,classname=solr.DirectSolrSpellChecker,distanceMeasure=internal,accuracy=0.5,maxEdits=2,minPrefix=1,maxInspections=5,minQueryLength=4,maxQueryFrequency=0.01}
INFO  - 2017-11-24 08:56:14.306; [c:gettingstarted s:shard1 r:core_node3 x:gettingstarted_shard1_replica_n1] org.apache.solr.handler.ReplicationHandler; Commits will be reserved for 10000ms.
INFO  - 2017-11-24 08:56:14.308; [c:gettingstarted s:shard1 r:core_node3 x:gettingstarted_shard1_replica_n1] org.apache.solr.core.QuerySenderListener; QuerySenderListener sending requests to Searcher@4bfe4581[gettingstarted_shard1_replica_n1] main{ExitableDirectoryReader(UninvertingDirectoryReader(Uninverting(_0(7.1.0):C7) Uninverting(_1(7.1.0):C9) Uninverting(_2(7.1.0):C4) Uninverting(_3(7.1.0):C2)))}
INFO  - 2017-11-24 08:56:14.308; [c:gettingstarted s:shard1 r:core_node3 x:gettingstarted_shard1_replica_n1] org.apache.solr.core.QuerySenderListener; QuerySenderListener done.
INFO  - 2017-11-24 08:56:14.309; [c:gettingstarted s:shard1 r:core_node3 x:gettingstarted_shard1_replica_n1] org.apache.solr.handler.component.SpellCheckComponent$SpellCheckerListener; Loading spell index for spellchecker: default
INFO  - 2017-11-24 08:56:14.309; [c:gettingstarted s:shard1 r:core_node3 x:gettingstarted_shard1_replica_n1] org.apache.solr.core.SolrCore; [gettingstarted_shard1_replica_n1] Registered new searcher Searcher@4bfe4581[gettingstarted_shard1_replica_n1] main{ExitableDirectoryReader(UninvertingDirectoryReader(Uninverting(_0(7.1.0):C7) Uninverting(_1(7.1.0):C9) Uninverting(_2(7.1.0):C4) Uninverting(_3(7.1.0):C2)))}
INFO  - 2017-11-24 08:56:14.735; [c:gettingstarted s:shard2 r:core_node7 x:gettingstarted_shard2_replica_n4] org.apache.solr.core.SolrCore; [gettingstarted_shard2_replica_n4]  webapp=/solr path=/get params={distrib=false&qt=/get&fingerprint=false&getVersions=100&wt=javabin&version=2} status=0 QTime=14
INFO  - 2017-11-24 08:56:14.737; [c:gettingstarted s:shard1 r:core_node3 x:gettingstarted_shard1_replica_n1] org.apache.solr.core.SolrCore; [gettingstarted_shard1_replica_n1]  webapp=/solr path=/get params={distrib=false&qt=/get&fingerprint=false&getVersions=100&wt=javabin&version=2} status=0 QTime=0
INFO  - 2017-11-24 08:56:14.994; [c:gettingstarted s:shard2 r:core_node7 x:gettingstarted_shard2_replica_n4] org.apache.solr.core.SolrCore; [gettingstarted_shard2_replica_n4]  webapp=/solr path=/get params={distrib=false&qt=/get&checkCanHandleVersionRanges=false&wt=javabin&version=2} status=0 QTime=0
INFO  - 2017-11-24 08:56:15.000; [c:gettingstarted s:shard1 r:core_node3 x:gettingstarted_shard1_replica_n1] org.apache.solr.core.SolrCore; [gettingstarted_shard1_replica_n1]  webapp=/solr path=/get params={distrib=false&qt=/get&checkCanHandleVersionRanges=false&wt=javabin&version=2} status=0 QTime=0
INFO  - 2017-11-24 08:56:15.021; [c:gettingstarted s:shard2 r:core_node7 x:gettingstarted_shard2_replica_n4] org.apache.solr.update.PeerSync; PeerSync: core=gettingstarted_shard2_replica_n4 url=http://192.168.1.149:7574/solr START replicas=[http://192.168.1.149:8983/solr/gettingstarted_shard2_replica_n6/] nUpdates=100
INFO  - 2017-11-24 08:56:15.021; [c:gettingstarted s:shard1 r:core_node3 x:gettingstarted_shard1_replica_n1] org.apache.solr.update.PeerSync; PeerSync: core=gettingstarted_shard1_replica_n1 url=http://192.168.1.149:7574/solr START replicas=[http://192.168.1.149:8983/solr/gettingstarted_shard1_replica_n2/] nUpdates=100
INFO  - 2017-11-24 08:56:15.107; [c:gettingstarted s:shard1 r:core_node3 x:gettingstarted_shard1_replica_n1] org.apache.solr.core.SolrCore; Caching fingerprint for searcher:Searcher@4bfe4581[gettingstarted_shard1_replica_n1] main{ExitableDirectoryReader(UninvertingDirectoryReader(Uninverting(_0(7.1.0):C7) Uninverting(_1(7.1.0):C9) Uninverting(_2(7.1.0):C4) Uninverting(_3(7.1.0):C2)))} leafReaderContext:LeafReaderContext(FilterLeafReader(Uninverting(_0(7.1.0):C7)) docBase=0 ord=0) mavVersion:9223372036854775807
INFO  - 2017-11-24 08:56:15.108; [c:gettingstarted s:shard1 r:core_node3 x:gettingstarted_shard1_replica_n1] org.apache.solr.core.SolrCore; Caching fingerprint for searcher:Searcher@4bfe4581[gettingstarted_shard1_replica_n1] main{ExitableDirectoryReader(UninvertingDirectoryReader(Uninverting(_0(7.1.0):C7) Uninverting(_1(7.1.0):C9) Uninverting(_2(7.1.0):C4) Uninverting(_3(7.1.0):C2)))} leafReaderContext:LeafReaderContext(FilterLeafReader(Uninverting(_1(7.1.0):C9)) docBase=7 ord=1) mavVersion:9223372036854775807
INFO  - 2017-11-24 08:56:15.109; [c:gettingstarted s:shard1 r:core_node3 x:gettingstarted_shard1_replica_n1] org.apache.solr.core.SolrCore; Caching fingerprint for searcher:Searcher@4bfe4581[gettingstarted_shard1_replica_n1] main{ExitableDirectoryReader(UninvertingDirectoryReader(Uninverting(_0(7.1.0):C7) Uninverting(_1(7.1.0):C9) Uninverting(_2(7.1.0):C4) Uninverting(_3(7.1.0):C2)))} leafReaderContext:LeafReaderContext(FilterLeafReader(Uninverting(_2(7.1.0):C4)) docBase=16 ord=2) mavVersion:9223372036854775807
INFO  - 2017-11-24 08:56:15.109; [c:gettingstarted s:shard1 r:core_node3 x:gettingstarted_shard1_replica_n1] org.apache.solr.core.SolrCore; Caching fingerprint for searcher:Searcher@4bfe4581[gettingstarted_shard1_replica_n1] main{ExitableDirectoryReader(UninvertingDirectoryReader(Uninverting(_0(7.1.0):C7) Uninverting(_1(7.1.0):C9) Uninverting(_2(7.1.0):C4) Uninverting(_3(7.1.0):C2)))} leafReaderContext:LeafReaderContext(FilterLeafReader(Uninverting(_3(7.1.0):C2)) docBase=20 ord=3) mavVersion:9223372036854775807
INFO  - 2017-11-24 08:56:15.109; [c:gettingstarted s:shard1 r:core_node3 x:gettingstarted_shard1_replica_n1] org.apache.solr.update.IndexFingerprint; IndexFingerprint millis:13.0 result:{maxVersionSpecified=9223372036854775807, maxVersionEncountered=1584930751529353216, maxInHash=1584930751529353216, versionsHash=-2201695347700008809, numVersions=22, numDocs=22, maxDoc=9}
INFO  - 2017-11-24 08:56:15.109; [c:gettingstarted s:shard1 r:core_node3 x:gettingstarted_shard1_replica_n1] org.apache.solr.update.PeerSync; We are already in sync. No need to do a PeerSync 
INFO  - 2017-11-24 08:56:15.110; [c:gettingstarted s:shard1 r:core_node3 x:gettingstarted_shard1_replica_n1] org.apache.solr.core.SolrCore; [gettingstarted_shard1_replica_n1]  webapp=/solr path=/get params={distrib=false&qt=/get&getVersions=100&sync=http://192.168.1.149:8983/solr/gettingstarted_shard1_replica_n2/&wt=javabin&version=2} status=0 QTime=92
INFO  - 2017-11-24 08:56:15.122; [c:gettingstarted s:shard2 r:core_node7 x:gettingstarted_shard2_replica_n4] org.apache.solr.core.SolrCore; Caching fingerprint for searcher:Searcher@4c33cac9[gettingstarted_shard2_replica_n4] main{ExitableDirectoryReader(UninvertingDirectoryReader(Uninverting(_0(7.1.0):C8) Uninverting(_1(7.1.0):C10) Uninverting(_2(7.1.0):C6) Uninverting(_3(7.1.0):C2) Uninverting(_4(7.1.0):C4)))} leafReaderContext:LeafReaderContext(FilterLeafReader(Uninverting(_0(7.1.0):C8)) docBase=0 ord=0) mavVersion:9223372036854775807
INFO  - 2017-11-24 08:56:15.124; [c:gettingstarted s:shard2 r:core_node7 x:gettingstarted_shard2_replica_n4] org.apache.solr.core.SolrCore; Caching fingerprint for searcher:Searcher@4c33cac9[gettingstarted_shard2_replica_n4] main{ExitableDirectoryReader(UninvertingDirectoryReader(Uninverting(_0(7.1.0):C8) Uninverting(_1(7.1.0):C10) Uninverting(_2(7.1.0):C6) Uninverting(_3(7.1.0):C2) Uninverting(_4(7.1.0):C4)))} leafReaderContext:LeafReaderContext(FilterLeafReader(Uninverting(_1(7.1.0):C10)) docBase=8 ord=1) mavVersion:9223372036854775807
INFO  - 2017-11-24 08:56:15.124; [c:gettingstarted s:shard2 r:core_node7 x:gettingstarted_shard2_replica_n4] org.apache.solr.core.SolrCore; Caching fingerprint for searcher:Searcher@4c33cac9[gettingstarted_shard2_replica_n4] main{ExitableDirectoryReader(UninvertingDirectoryReader(Uninverting(_0(7.1.0):C8) Uninverting(_1(7.1.0):C10) Uninverting(_2(7.1.0):C6) Uninverting(_3(7.1.0):C2) Uninverting(_4(7.1.0):C4)))} leafReaderContext:LeafReaderContext(FilterLeafReader(Uninverting(_2(7.1.0):C6)) docBase=18 ord=2) mavVersion:9223372036854775807
INFO  - 2017-11-24 08:56:15.125; [c:gettingstarted s:shard2 r:core_node7 x:gettingstarted_shard2_replica_n4] org.apache.solr.core.SolrCore; Caching fingerprint for searcher:Searcher@4c33cac9[gettingstarted_shard2_replica_n4] main{ExitableDirectoryReader(UninvertingDirectoryReader(Uninverting(_0(7.1.0):C8) Uninverting(_1(7.1.0):C10) Uninverting(_2(7.1.0):C6) Uninverting(_3(7.1.0):C2) Uninverting(_4(7.1.0):C4)))} leafReaderContext:LeafReaderContext(FilterLeafReader(Uninverting(_3(7.1.0):C2)) docBase=24 ord=3) mavVersion:9223372036854775807
INFO  - 2017-11-24 08:56:15.125; [c:gettingstarted s:shard2 r:core_node7 x:gettingstarted_shard2_replica_n4] org.apache.solr.core.SolrCore; Caching fingerprint for searcher:Searcher@4c33cac9[gettingstarted_shard2_replica_n4] main{ExitableDirectoryReader(UninvertingDirectoryReader(Uninverting(_0(7.1.0):C8) Uninverting(_1(7.1.0):C10) Uninverting(_2(7.1.0):C6) Uninverting(_3(7.1.0):C2) Uninverting(_4(7.1.0):C4)))} leafReaderContext:LeafReaderContext(FilterLeafReader(Uninverting(_4(7.1.0):C4)) docBase=26 ord=4) mavVersion:9223372036854775807
INFO  - 2017-11-24 08:56:15.125; [c:gettingstarted s:shard2 r:core_node7 x:gettingstarted_shard2_replica_n4] org.apache.solr.update.IndexFingerprint; IndexFingerprint millis:30.0 result:{maxVersionSpecified=9223372036854775807, maxVersionEncountered=1584930751537741824, maxInHash=1584930751537741824, versionsHash=706392316819398029, numVersions=30, numDocs=30, maxDoc=10}
INFO  - 2017-11-24 08:56:15.130; [c:gettingstarted s:shard2 r:core_node7 x:gettingstarted_shard2_replica_n4] org.apache.solr.update.PeerSync; We are already in sync. No need to do a PeerSync 
INFO  - 2017-11-24 08:56:15.130; [c:gettingstarted s:shard2 r:core_node7 x:gettingstarted_shard2_replica_n4] org.apache.solr.core.SolrCore; [gettingstarted_shard2_replica_n4]  webapp=/solr path=/get params={distrib=false&qt=/get&getVersions=100&sync=http://192.168.1.149:8983/solr/gettingstarted_shard2_replica_n6/&wt=javabin&version=2} status=0 QTime=113
INFO  - 2017-11-24 08:56:15.194; [   ] org.apache.solr.common.cloud.ZkStateReader$StateWatcher; A cluster state change: [WatchedEvent state:SyncConnected type:NodeDataChanged path:/collections/gettingstarted/state.json] for collection [gettingstarted] has occurred - updating... (live nodes size: [2])
INFO  - 2017-11-24 08:56:15.196; [   ] org.apache.solr.common.cloud.ZkStateReader$StateWatcher; A cluster state change: [WatchedEvent state:SyncConnected type:NodeDataChanged path:/collections/gettingstarted/state.json] for collection [gettingstarted] has occurred - updating... (live nodes size: [2])
INFO  - 2017-11-24 08:56:15.328; [c:gettingstarted s:shard1 r:core_node3 x:gettingstarted_shard1_replica_n1] org.apache.solr.cloud.ZkController; Core needs to recover:gettingstarted_shard1_replica_n1
INFO  - 2017-11-24 08:56:15.330; [c:gettingstarted s:shard1 r:core_node3 x:gettingstarted_shard1_replica_n1] org.apache.solr.update.DefaultSolrCoreState$2; Running recovery
INFO  - 2017-11-24 08:56:15.345; [c:gettingstarted s:shard1 r:core_node3 x:gettingstarted_shard1_replica_n1] org.apache.solr.cloud.RecoveryStrategy; Starting recovery process. recoveringAfterStartup=true
INFO  - 2017-11-24 08:56:15.345; [c:gettingstarted s:shard1 r:core_node3 x:gettingstarted_shard1_replica_n1] org.apache.solr.cloud.RecoveryStrategy; ###### startupVersions=[[1584930751529353216, 1584930751423447040, 1584930739048153088, 1584930738961121280, 1584930738847875072, 1584930738839486464, 1584930737280253952, 1584930737260331008, 1584930737259282432, 1584930735966388225, 1584930735966388224, 1584930735965339649, 1584930735965339648, 1584930735842656256, 1584930734615822336, 1584930729992650752, 1584930727950024704, 1584930727523254272, 1584930727522205696, 1584930727520108544, 1584930727508574208, 1584930727316684800]]
INFO  - 2017-11-24 08:56:15.346; [c:gettingstarted s:shard1 r:core_node3 x:gettingstarted_shard1_replica_n1] org.apache.solr.cloud.RecoveryStrategy; Begin buffering updates. core=[gettingstarted_shard1_replica_n1]
INFO  - 2017-11-24 08:56:15.346; [c:gettingstarted s:shard1 r:core_node3 x:gettingstarted_shard1_replica_n1] org.apache.solr.update.UpdateLog; Starting to buffer updates. FSUpdateLog{state=ACTIVE, tlog=null}
INFO  - 2017-11-24 08:56:15.346; [c:gettingstarted s:shard1 r:core_node3 x:gettingstarted_shard1_replica_n1] org.apache.solr.cloud.RecoveryStrategy; Publishing state of core [gettingstarted_shard1_replica_n1] as recovering, leader is [http://192.168.1.149:8983/solr/gettingstarted_shard1_replica_n2/] and I am [http://192.168.1.149:7574/solr/gettingstarted_shard1_replica_n1/]
INFO  - 2017-11-24 08:56:15.364; [c:gettingstarted s:shard1 r:core_node3 x:gettingstarted_shard1_replica_n1] org.apache.solr.cloud.RecoveryStrategy; Sending prep recovery command to [http://192.168.1.149:8983/solr]; [WaitForState: action=PREPRECOVERY&core=gettingstarted_shard1_replica_n2&nodeName=192.168.1.149:7574_solr&coreNodeName=core_node3&state=recovering&checkLive=true&onlyIfLeader=true&onlyIfLeaderActive=true]
INFO  - 2017-11-24 08:56:15.483; [   ] org.apache.solr.common.cloud.ZkStateReader$StateWatcher; A cluster state change: [WatchedEvent state:SyncConnected type:NodeDataChanged path:/collections/gettingstarted/state.json] for collection [gettingstarted] has occurred - updating... (live nodes size: [2])
INFO  - 2017-11-24 08:56:15.487; [   ] org.apache.solr.common.cloud.ZkStateReader$StateWatcher; A cluster state change: [WatchedEvent state:SyncConnected type:NodeDataChanged path:/collections/gettingstarted/state.json] for collection [gettingstarted] has occurred - updating... (live nodes size: [2])
INFO  - 2017-11-24 08:56:15.500; [c:gettingstarted s:shard2 r:core_node7 x:gettingstarted_shard2_replica_n4] org.apache.solr.cloud.ZkController; Core needs to recover:gettingstarted_shard2_replica_n4
INFO  - 2017-11-24 08:56:15.503; [c:gettingstarted s:shard2 r:core_node7 x:gettingstarted_shard2_replica_n4] org.apache.solr.update.DefaultSolrCoreState$2; Running recovery
INFO  - 2017-11-24 08:56:15.507; [c:gettingstarted s:shard2 r:core_node7 x:gettingstarted_shard2_replica_n4] org.apache.solr.cloud.RecoveryStrategy; Starting recovery process. recoveringAfterStartup=true
INFO  - 2017-11-24 08:56:15.568; [c:gettingstarted s:shard2 r:core_node7 x:gettingstarted_shard2_replica_n4] org.apache.solr.cloud.RecoveryStrategy; ###### startupVersions=[[1584930751537741824, 1584930751483215872, 1584930751249383424, 1584930751192760320, 1584930744343461888, 1584930744289984512, 1584930742020866048, 1584930739084853248, 1584930739040813056, 1584930739017744384, 1584930738912886784, 1584930738908692480, 1584930735954853888, 1584930735953805312, 1584930735938076672, 1584930735937028097, 1584930735937028096, 1584930735935979520, 1584930735934930944, 1584930734759477248, 1584930733158301696, 1584930733148864512, 1584930727968899072, 1584930727966801920, 1584930727958413312, 1584930727835729920, 1584930727834681344, 1584930727832584192, 1584930727830487040, 1584930727811612672]]
INFO  - 2017-11-24 08:56:15.569; [c:gettingstarted s:shard2 r:core_node7 x:gettingstarted_shard2_replica_n4] org.apache.solr.cloud.RecoveryStrategy; Begin buffering updates. core=[gettingstarted_shard2_replica_n4]
INFO  - 2017-11-24 08:56:15.569; [c:gettingstarted s:shard2 r:core_node7 x:gettingstarted_shard2_replica_n4] org.apache.solr.update.UpdateLog; Starting to buffer updates. FSUpdateLog{state=ACTIVE, tlog=null}
INFO  - 2017-11-24 08:56:15.569; [c:gettingstarted s:shard2 r:core_node7 x:gettingstarted_shard2_replica_n4] org.apache.solr.cloud.RecoveryStrategy; Publishing state of core [gettingstarted_shard2_replica_n4] as recovering, leader is [http://192.168.1.149:8983/solr/gettingstarted_shard2_replica_n6/] and I am [http://192.168.1.149:7574/solr/gettingstarted_shard2_replica_n4/]
INFO  - 2017-11-24 08:56:15.593; [c:gettingstarted s:shard2 r:core_node7 x:gettingstarted_shard2_replica_n4] org.apache.solr.cloud.RecoveryStrategy; Sending prep recovery command to [http://192.168.1.149:8983/solr]; [WaitForState: action=PREPRECOVERY&core=gettingstarted_shard2_replica_n6&nodeName=192.168.1.149:7574_solr&coreNodeName=core_node7&state=recovering&checkLive=true&onlyIfLeader=true&onlyIfLeaderActive=true]
INFO  - 2017-11-24 08:56:15.894; [   ] org.apache.solr.common.cloud.ZkStateReader$StateWatcher; A cluster state change: [WatchedEvent state:SyncConnected type:NodeDataChanged path:/collections/gettingstarted/state.json] for collection [gettingstarted] has occurred - updating... (live nodes size: [2])
INFO  - 2017-11-24 08:56:15.895; [   ] org.apache.solr.common.cloud.ZkStateReader$StateWatcher; A cluster state change: [WatchedEvent state:SyncConnected type:NodeDataChanged path:/collections/gettingstarted/state.json] for collection [gettingstarted] has occurred - updating... (live nodes size: [2])
INFO  - 2017-11-24 08:56:18.923; [c:gettingstarted s:shard1 r:core_node3 x:gettingstarted_shard1_replica_n1] org.apache.solr.cloud.RecoveryStrategy; Attempting to PeerSync from [http://192.168.1.149:8983/solr/gettingstarted_shard1_replica_n2/] - recoveringAfterStartup=[true]
INFO  - 2017-11-24 08:56:18.923; [c:gettingstarted s:shard1 r:core_node3 x:gettingstarted_shard1_replica_n1] org.apache.solr.update.PeerSync; PeerSync: core=gettingstarted_shard1_replica_n1 url=http://192.168.1.149:7574/solr START replicas=[http://192.168.1.149:8983/solr/gettingstarted_shard1_replica_n2/] nUpdates=100
INFO  - 2017-11-24 08:56:18.928; [c:gettingstarted s:shard1 r:core_node3 x:gettingstarted_shard1_replica_n1] org.apache.solr.update.IndexFingerprint; IndexFingerprint millis:0.0 result:{maxVersionSpecified=9223372036854775807, maxVersionEncountered=1584930751529353216, maxInHash=1584930751529353216, versionsHash=-2201695347700008809, numVersions=22, numDocs=22, maxDoc=9}
INFO  - 2017-11-24 08:56:18.928; [c:gettingstarted s:shard1 r:core_node3 x:gettingstarted_shard1_replica_n1] org.apache.solr.update.PeerSync; We are already in sync. No need to do a PeerSync 
INFO  - 2017-11-24 08:56:18.929; [c:gettingstarted s:shard1 r:core_node3 x:gettingstarted_shard1_replica_n1] org.apache.solr.update.DirectUpdateHandler2; start commit{,optimize=false,openSearcher=true,waitSearcher=true,expungeDeletes=false,softCommit=false,prepareCommit=false}
INFO  - 2017-11-24 08:56:18.929; [c:gettingstarted s:shard1 r:core_node3 x:gettingstarted_shard1_replica_n1] org.apache.solr.update.DirectUpdateHandler2; No uncommitted changes. Skipping IW.commit.
INFO  - 2017-11-24 08:56:18.930; [c:gettingstarted s:shard1 r:core_node3 x:gettingstarted_shard1_replica_n1] org.apache.solr.update.DirectUpdateHandler2; end_commit_flush
INFO  - 2017-11-24 08:56:18.930; [c:gettingstarted s:shard1 r:core_node3 x:gettingstarted_shard1_replica_n1] org.apache.solr.cloud.RecoveryStrategy; PeerSync stage of recovery was successful.
INFO  - 2017-11-24 08:56:18.930; [c:gettingstarted s:shard1 r:core_node3 x:gettingstarted_shard1_replica_n1] org.apache.solr.cloud.RecoveryStrategy; Replaying updates buffered during PeerSync.
INFO  - 2017-11-24 08:56:18.930; [c:gettingstarted s:shard1 r:core_node3 x:gettingstarted_shard1_replica_n1] org.apache.solr.cloud.RecoveryStrategy; No replay needed.
INFO  - 2017-11-24 08:56:18.930; [c:gettingstarted s:shard1 r:core_node3 x:gettingstarted_shard1_replica_n1] org.apache.solr.cloud.RecoveryStrategy; Registering as Active after recovery.
INFO  - 2017-11-24 08:56:18.945; [   ] org.apache.solr.common.cloud.ZkStateReader$StateWatcher; A cluster state change: [WatchedEvent state:SyncConnected type:NodeDataChanged path:/collections/gettingstarted/state.json] for collection [gettingstarted] has occurred - updating... (live nodes size: [2])
INFO  - 2017-11-24 08:56:18.945; [   ] org.apache.solr.common.cloud.ZkStateReader$StateWatcher; A cluster state change: [WatchedEvent state:SyncConnected type:NodeDataChanged path:/collections/gettingstarted/state.json] for collection [gettingstarted] has occurred - updating... (live nodes size: [2])
INFO  - 2017-11-24 08:56:19.166; [c:gettingstarted s:shard2 r:core_node7 x:gettingstarted_shard2_replica_n4] org.apache.solr.cloud.RecoveryStrategy; Attempting to PeerSync from [http://192.168.1.149:8983/solr/gettingstarted_shard2_replica_n6/] - recoveringAfterStartup=[true]
INFO  - 2017-11-24 08:56:19.167; [c:gettingstarted s:shard2 r:core_node7 x:gettingstarted_shard2_replica_n4] org.apache.solr.update.PeerSync; PeerSync: core=gettingstarted_shard2_replica_n4 url=http://192.168.1.149:7574/solr START replicas=[http://192.168.1.149:8983/solr/gettingstarted_shard2_replica_n6/] nUpdates=100
INFO  - 2017-11-24 08:56:19.170; [c:gettingstarted s:shard2 r:core_node7 x:gettingstarted_shard2_replica_n4] org.apache.solr.update.IndexFingerprint; IndexFingerprint millis:0.0 result:{maxVersionSpecified=9223372036854775807, maxVersionEncountered=1584930751537741824, maxInHash=1584930751537741824, versionsHash=706392316819398029, numVersions=30, numDocs=30, maxDoc=10}
INFO  - 2017-11-24 08:56:19.171; [c:gettingstarted s:shard2 r:core_node7 x:gettingstarted_shard2_replica_n4] org.apache.solr.update.PeerSync; We are already in sync. No need to do a PeerSync 
INFO  - 2017-11-24 08:56:19.171; [c:gettingstarted s:shard2 r:core_node7 x:gettingstarted_shard2_replica_n4] org.apache.solr.update.DirectUpdateHandler2; start commit{,optimize=false,openSearcher=true,waitSearcher=true,expungeDeletes=false,softCommit=false,prepareCommit=false}
INFO  - 2017-11-24 08:56:19.171; [c:gettingstarted s:shard2 r:core_node7 x:gettingstarted_shard2_replica_n4] org.apache.solr.update.DirectUpdateHandler2; No uncommitted changes. Skipping IW.commit.
INFO  - 2017-11-24 08:56:19.171; [c:gettingstarted s:shard2 r:core_node7 x:gettingstarted_shard2_replica_n4] org.apache.solr.update.DirectUpdateHandler2; end_commit_flush
INFO  - 2017-11-24 08:56:19.171; [c:gettingstarted s:shard2 r:core_node7 x:gettingstarted_shard2_replica_n4] org.apache.solr.cloud.RecoveryStrategy; PeerSync stage of recovery was successful.
INFO  - 2017-11-24 08:56:19.171; [c:gettingstarted s:shard2 r:core_node7 x:gettingstarted_shard2_replica_n4] org.apache.solr.cloud.RecoveryStrategy; Replaying updates buffered during PeerSync.
INFO  - 2017-11-24 08:56:19.171; [c:gettingstarted s:shard2 r:core_node7 x:gettingstarted_shard2_replica_n4] org.apache.solr.cloud.RecoveryStrategy; No replay needed.
INFO  - 2017-11-24 08:56:19.172; [c:gettingstarted s:shard2 r:core_node7 x:gettingstarted_shard2_replica_n4] org.apache.solr.cloud.RecoveryStrategy; Registering as Active after recovery.
INFO  - 2017-11-24 08:56:19.286; [   ] org.apache.solr.common.cloud.ZkStateReader$StateWatcher; A cluster state change: [WatchedEvent state:SyncConnected type:NodeDataChanged path:/collections/gettingstarted/state.json] for collection [gettingstarted] has occurred - updating... (live nodes size: [2])
INFO  - 2017-11-24 08:56:19.287; [   ] org.apache.solr.common.cloud.ZkStateReader$StateWatcher; A cluster state change: [WatchedEvent state:SyncConnected type:NodeDataChanged path:/collections/gettingstarted/state.json] for collection [gettingstarted] has occurred - updating... (live nodes size: [2])
INFO  - 2017-11-24 08:56:20.326; [   ] org.apache.solr.servlet.HttpSolrCall; [admin] webapp=null path=/admin/info/system params={wt=json} status=0 QTime=2512
INFO  - 2017-11-24 08:56:20.349; [   ] org.apache.solr.handler.admin.CollectionsHandler; Invoked Collection Action :clusterstatus with params action=CLUSTERSTATUS&wt=json and sendToOCPQueue=true
INFO  - 2017-11-24 08:56:20.352; [   ] org.apache.solr.servlet.HttpSolrCall; [admin] webapp=null path=/admin/collections params={action=CLUSTERSTATUS&wt=json} status=0 QTime=4
INFO  - 2017-11-24 08:56:20.664; [   ] org.apache.solr.servlet.HttpSolrCall; [admin] webapp=null path=/admin/info/system params={wt=json} status=0 QTime=2641
INFO  - 2017-11-24 08:56:20.670; [   ] org.apache.solr.handler.admin.CollectionsHandler; Invoked Collection Action :clusterstatus with params action=CLUSTERSTATUS&wt=json and sendToOCPQueue=true
INFO  - 2017-11-24 08:56:20.677; [   ] org.apache.solr.servlet.HttpSolrCall; [admin] webapp=null path=/admin/collections params={action=CLUSTERSTATUS&wt=json} status=0 QTime=7
INFO  - 2017-11-24 08:56:20.867; [   ] org.apache.solr.core.SolrCore; config update listener called for core gettingstarted_shard1_replica_n1
INFO  - 2017-11-24 08:56:20.871; [   ] org.apache.solr.core.SolrCore; core reload gettingstarted_shard1_replica_n1
INFO  - 2017-11-24 08:56:20.917; [   ] org.apache.solr.core.RequestParams; conf resource params.json loaded . version : 0 
INFO  - 2017-11-24 08:56:20.919; [   ] org.apache.solr.core.RequestParams; request params refreshed to version 0
INFO  - 2017-11-24 08:56:20.923; [   ] org.apache.solr.core.SolrResourceLoader; [gettingstarted_shard1_replica_n1] Added 53 libs to classloader, from paths: [/C:/Users/Administrator/Desktop/solr-7.1.0/contrib/clustering/lib, /C:/Users/Administrator/Desktop/solr-7.1.0/contrib/extraction/lib, /C:/Users/Administrator/Desktop/solr-7.1.0/contrib/langid/lib, /C:/Users/Administrator/Desktop/solr-7.1.0/contrib/velocity/lib, /C:/Users/Administrator/Desktop/solr-7.1.0/dist]
INFO  - 2017-11-24 08:56:20.947; [   ] org.apache.solr.core.SolrConfig; Using Lucene MatchVersion: 7.1.0
INFO  - 2017-11-24 08:56:20.983; [   ] org.apache.solr.schema.IndexSchema; [gettingstarted_shard1_replica_n1] Schema name=default-config
INFO  - 2017-11-24 08:56:21.051; [c:gettingstarted s:shard2 r:core_node7 x:gettingstarted_shard2_replica_n4] org.apache.solr.handler.SolrConfigHandler$Command; expecting overlay version 3 but my version is 2
INFO  - 2017-11-24 08:56:21.062; [c:gettingstarted s:shard2 r:core_node7 x:gettingstarted_shard2_replica_n4] org.apache.solr.core.SolrCore; [gettingstarted_shard2_replica_n4]  webapp=/solr path=/config/znodeVersion params={overlay=3&wt=javabin&version=2} status=0 QTime=14
INFO  - 2017-11-24 08:56:21.067; [c:gettingstarted s:shard2 r:core_node7 x:gettingstarted_shard2_replica_n4] org.apache.solr.handler.SolrConfigHandler$Command; Trying to update my configs
INFO  - 2017-11-24 08:56:21.067; [c:gettingstarted s:shard2 r:core_node7 x:gettingstarted_shard2_replica_n4] org.apache.solr.core.SolrCore; config update listener called for core gettingstarted_shard2_replica_n4
INFO  - 2017-11-24 08:56:21.077; [c:gettingstarted s:shard1 r:core_node3 x:gettingstarted_shard1_replica_n1] org.apache.solr.handler.SolrConfigHandler$Command; expecting overlay version 3 but my version is 2
INFO  - 2017-11-24 08:56:21.108; [c:gettingstarted s:shard1 r:core_node3 x:gettingstarted_shard1_replica_n1] org.apache.solr.core.SolrCore; [gettingstarted_shard1_replica_n1]  webapp=/solr path=/config/znodeVersion params={overlay=3&wt=javabin&version=2} status=0 QTime=43
INFO  - 2017-11-24 08:56:21.117; [c:gettingstarted s:shard1 r:core_node3 x:gettingstarted_shard1_replica_n1] org.apache.solr.handler.SolrConfigHandler$Command; Another reload is in progress . Not doing anything
INFO  - 2017-11-24 08:56:21.125; [c:gettingstarted s:shard2 r:core_node7 x:gettingstarted_shard2_replica_n4] org.apache.solr.core.SolrCore; core reload gettingstarted_shard2_replica_n4
INFO  - 2017-11-24 08:56:21.348; [c:gettingstarted s:shard2 r:core_node7 x:gettingstarted_shard2_replica_n4] org.apache.solr.handler.SolrConfigHandler$Command; expecting overlay version 3 but my version is 2
INFO  - 2017-11-24 08:56:21.349; [c:gettingstarted s:shard1 r:core_node3 x:gettingstarted_shard1_replica_n1] org.apache.solr.handler.SolrConfigHandler$Command; expecting overlay version 3 but my version is 2
INFO  - 2017-11-24 08:56:21.351; [c:gettingstarted s:shard2 r:core_node7 x:gettingstarted_shard2_replica_n4] org.apache.solr.core.SolrCore; [gettingstarted_shard2_replica_n4]  webapp=/solr path=/config/znodeVersion params={overlay=3&wt=javabin&version=2} status=0 QTime=3
INFO  - 2017-11-24 08:56:21.352; [c:gettingstarted s:shard2 r:core_node7 x:gettingstarted_shard2_replica_n4] org.apache.solr.handler.SolrConfigHandler$Command; Another reload is in progress . Not doing anything
INFO  - 2017-11-24 08:56:21.353; [c:gettingstarted s:shard1 r:core_node3 x:gettingstarted_shard1_replica_n1] org.apache.solr.core.SolrCore; [gettingstarted_shard1_replica_n1]  webapp=/solr path=/config/znodeVersion params={overlay=3&wt=javabin&version=2} status=0 QTime=3
INFO  - 2017-11-24 08:56:21.360; [c:gettingstarted s:shard1 r:core_node3 x:gettingstarted_shard1_replica_n1] org.apache.solr.handler.SolrConfigHandler$Command; Another reload is in progress . Not doing anything
INFO  - 2017-11-24 08:56:21.381; [c:gettingstarted s:shard2 r:core_node7 x:gettingstarted_shard2_replica_n4] org.apache.solr.core.RequestParams; conf resource params.json loaded . version : 0 
INFO  - 2017-11-24 08:56:21.381; [c:gettingstarted s:shard2 r:core_node7 x:gettingstarted_shard2_replica_n4] org.apache.solr.core.RequestParams; request params refreshed to version 0
INFO  - 2017-11-24 08:56:21.384; [c:gettingstarted s:shard2 r:core_node7 x:gettingstarted_shard2_replica_n4] org.apache.solr.core.SolrResourceLoader; [gettingstarted_shard2_replica_n4] Added 53 libs to classloader, from paths: [/C:/Users/Administrator/Desktop/solr-7.1.0/contrib/clustering/lib, /C:/Users/Administrator/Desktop/solr-7.1.0/contrib/extraction/lib, /C:/Users/Administrator/Desktop/solr-7.1.0/contrib/langid/lib, /C:/Users/Administrator/Desktop/solr-7.1.0/contrib/velocity/lib, /C:/Users/Administrator/Desktop/solr-7.1.0/dist]
INFO  - 2017-11-24 08:56:21.416; [c:gettingstarted s:shard2 r:core_node7 x:gettingstarted_shard2_replica_n4] org.apache.solr.core.SolrConfig; Using Lucene MatchVersion: 7.1.0
INFO  - 2017-11-24 08:56:21.527; [c:gettingstarted s:shard1 r:core_node3 x:gettingstarted_shard1_replica_n1] org.apache.solr.handler.SolrConfigHandler$Command; expecting overlay version 3 but my version is 2
INFO  - 2017-11-24 08:56:21.527; [c:gettingstarted s:shard1 r:core_node3 x:gettingstarted_shard1_replica_n1] org.apache.solr.core.SolrCore; [gettingstarted_shard1_replica_n1]  webapp=/solr path=/config/znodeVersion params={overlay=3&wt=javabin&version=2} status=0 QTime=0
INFO  - 2017-11-24 08:56:21.527; [c:gettingstarted s:shard1 r:core_node3 x:gettingstarted_shard1_replica_n1] org.apache.solr.handler.SolrConfigHandler$Command; Another reload is in progress . Not doing anything
INFO  - 2017-11-24 08:56:21.528; [c:gettingstarted s:shard2 r:core_node7 x:gettingstarted_shard2_replica_n4] org.apache.solr.handler.SolrConfigHandler$Command; expecting overlay version 3 but my version is 2
INFO  - 2017-11-24 08:56:21.529; [c:gettingstarted s:shard2 r:core_node7 x:gettingstarted_shard2_replica_n4] org.apache.solr.core.SolrCore; [gettingstarted_shard2_replica_n4]  webapp=/solr path=/config/znodeVersion params={overlay=3&wt=javabin&version=2} status=0 QTime=0
INFO  - 2017-11-24 08:56:21.572; [c:gettingstarted s:shard2 r:core_node7 x:gettingstarted_shard2_replica_n4] org.apache.solr.handler.SolrConfigHandler$Command; Another reload is in progress . Not doing anything
INFO  - 2017-11-24 08:56:21.578; [c:gettingstarted s:shard2 r:core_node7 x:gettingstarted_shard2_replica_n4] org.apache.solr.schema.IndexSchema; [gettingstarted_shard2_replica_n4] Schema name=default-config
INFO  - 2017-11-24 08:56:21.802; [c:gettingstarted s:shard2 r:core_node7 x:gettingstarted_shard2_replica_n4] org.apache.solr.handler.SolrConfigHandler$Command; expecting overlay version 3 but my version is 2
INFO  - 2017-11-24 08:56:21.804; [c:gettingstarted s:shard2 r:core_node7 x:gettingstarted_shard2_replica_n4] org.apache.solr.core.SolrCore; [gettingstarted_shard2_replica_n4]  webapp=/solr path=/config/znodeVersion params={overlay=3&wt=javabin&version=2} status=0 QTime=1
INFO  - 2017-11-24 08:56:21.812; [c:gettingstarted s:shard2 r:core_node7 x:gettingstarted_shard2_replica_n4] org.apache.solr.handler.SolrConfigHandler$Command; Another reload is in progress . Not doing anything
INFO  - 2017-11-24 08:56:21.820; [c:gettingstarted s:shard1 r:core_node3 x:gettingstarted_shard1_replica_n1] org.apache.solr.handler.SolrConfigHandler$Command; expecting overlay version 3 but my version is 2
INFO  - 2017-11-24 08:56:21.820; [c:gettingstarted s:shard1 r:core_node3 x:gettingstarted_shard1_replica_n1] org.apache.solr.core.SolrCore; [gettingstarted_shard1_replica_n1]  webapp=/solr path=/config/znodeVersion params={overlay=3&wt=javabin&version=2} status=0 QTime=0
INFO  - 2017-11-24 08:56:21.822; [c:gettingstarted s:shard1 r:core_node3 x:gettingstarted_shard1_replica_n1] org.apache.solr.handler.SolrConfigHandler$Command; Another reload is in progress . Not doing anything
INFO  - 2017-11-24 08:56:21.910; [c:gettingstarted s:shard2 r:core_node7 x:gettingstarted_shard2_replica_n4] org.apache.solr.handler.SolrConfigHandler$Command; expecting overlay version 3 but my version is 2
INFO  - 2017-11-24 08:56:21.911; [c:gettingstarted s:shard2 r:core_node7 x:gettingstarted_shard2_replica_n4] org.apache.solr.core.SolrCore; [gettingstarted_shard2_replica_n4]  webapp=/solr path=/config/znodeVersion params={overlay=3&wt=javabin&version=2} status=0 QTime=0
INFO  - 2017-11-24 08:56:21.911; [c:gettingstarted s:shard2 r:core_node7 x:gettingstarted_shard2_replica_n4] org.apache.solr.handler.SolrConfigHandler$Command; Another reload is in progress . Not doing anything
INFO  - 2017-11-24 08:56:21.968; [c:gettingstarted s:shard1 r:core_node3 x:gettingstarted_shard1_replica_n1] org.apache.solr.handler.SolrConfigHandler$Command; expecting overlay version 3 but my version is 2
INFO  - 2017-11-24 08:56:21.969; [c:gettingstarted s:shard1 r:core_node3 x:gettingstarted_shard1_replica_n1] org.apache.solr.core.SolrCore; [gettingstarted_shard1_replica_n1]  webapp=/solr path=/config/znodeVersion params={overlay=3&wt=javabin&version=2} status=0 QTime=0
INFO  - 2017-11-24 08:56:21.976; [c:gettingstarted s:shard1 r:core_node3 x:gettingstarted_shard1_replica_n1] org.apache.solr.handler.SolrConfigHandler$Command; Another reload is in progress . Not doing anything
INFO  - 2017-11-24 08:56:22.042; [c:gettingstarted s:shard2 r:core_node7 x:gettingstarted_shard2_replica_n4] org.apache.solr.handler.SolrConfigHandler$Command; expecting overlay version 3 but my version is 2
INFO  - 2017-11-24 08:56:22.042; [c:gettingstarted s:shard2 r:core_node7 x:gettingstarted_shard2_replica_n4] org.apache.solr.core.SolrCore; [gettingstarted_shard2_replica_n4]  webapp=/solr path=/config/znodeVersion params={overlay=3&wt=javabin&version=2} status=0 QTime=0
INFO  - 2017-11-24 08:56:22.045; [c:gettingstarted s:shard2 r:core_node7 x:gettingstarted_shard2_replica_n4] org.apache.solr.handler.SolrConfigHandler$Command; Another reload is in progress . Not doing anything
INFO  - 2017-11-24 08:56:22.060; [   ] org.apache.solr.schema.IndexSchema; Loaded schema default-config/1.6 with uniqueid field id
INFO  - 2017-11-24 08:56:22.079; [c:gettingstarted s:shard1 r:core_node3 x:gettingstarted_shard1_replica_n1] org.apache.solr.handler.SolrConfigHandler$Command; expecting overlay version 3 but my version is 2
INFO  - 2017-11-24 08:56:22.079; [c:gettingstarted s:shard1 r:core_node3 x:gettingstarted_shard1_replica_n1] org.apache.solr.core.SolrCore; [gettingstarted_shard1_replica_n1]  webapp=/solr path=/config/znodeVersion params={overlay=3&wt=javabin&version=2} status=0 QTime=0
INFO  - 2017-11-24 08:56:22.081; [c:gettingstarted s:shard2 r:core_node7 x:gettingstarted_shard2_replica_n4] org.apache.solr.schema.IndexSchema; Loaded schema default-config/1.6 with uniqueid field id
INFO  - 2017-11-24 08:56:22.083; [c:gettingstarted s:shard1 r:core_node3 x:gettingstarted_shard1_replica_n1] org.apache.solr.handler.SolrConfigHandler$Command; Another reload is in progress . Not doing anything
INFO  - 2017-11-24 08:56:22.155; [c:gettingstarted s:shard2 r:core_node7 x:gettingstarted_shard2_replica_n4] org.apache.solr.handler.SolrConfigHandler$Command; expecting overlay version 3 but my version is 2
INFO  - 2017-11-24 08:56:22.155; [c:gettingstarted s:shard2 r:core_node7 x:gettingstarted_shard2_replica_n4] org.apache.solr.core.SolrCore; [gettingstarted_shard2_replica_n4]  webapp=/solr path=/config/znodeVersion params={overlay=3&wt=javabin&version=2} status=0 QTime=0
INFO  - 2017-11-24 08:56:22.155; [c:gettingstarted s:shard2 r:core_node7 x:gettingstarted_shard2_replica_n4] org.apache.solr.handler.SolrConfigHandler$Command; Another reload is in progress . Not doing anything
INFO  - 2017-11-24 08:56:22.209; [c:gettingstarted s:shard1 r:core_node3 x:gettingstarted_shard1_replica_n1] org.apache.solr.handler.SolrConfigHandler$Command; expecting overlay version 3 but my version is 2
INFO  - 2017-11-24 08:56:22.210; [c:gettingstarted s:shard1 r:core_node3 x:gettingstarted_shard1_replica_n1] org.apache.solr.core.SolrCore; [gettingstarted_shard1_replica_n1]  webapp=/solr path=/config/znodeVersion params={overlay=3&wt=javabin&version=2} status=0 QTime=0
INFO  - 2017-11-24 08:56:22.211; [c:gettingstarted s:shard1 r:core_node3 x:gettingstarted_shard1_replica_n1] org.apache.solr.handler.SolrConfigHandler$Command; Another reload is in progress . Not doing anything
INFO  - 2017-11-24 08:56:22.217; [   ] org.apache.solr.core.CoreContainer; Reloading SolrCore 'gettingstarted_shard1_replica_n1' using configuration from collection gettingstarted
INFO  - 2017-11-24 08:56:22.217; [c:gettingstarted s:shard1 r:core_node3 x:gettingstarted_shard1_replica_n1] org.apache.solr.core.SolrCore; [[gettingstarted_shard1_replica_n1] ] Opening new SolrCore at [C:\Users\Administrator\Desktop\solr-7.1.0\example\cloud\node2\solr\gettingstarted_shard1_replica_n1], dataDir=[C:\Users\Administrator\Desktop\solr-7.1.0\example\cloud\node2\solr\gettingstarted_shard1_replica_n1\data\]
INFO  - 2017-11-24 08:56:22.218; [c:gettingstarted s:shard1 r:core_node3 x:gettingstarted_shard1_replica_n1] org.apache.solr.response.XSLTResponseWriter; xsltCacheLifetimeSeconds=5
INFO  - 2017-11-24 08:56:22.254; [c:gettingstarted s:shard1 r:core_node3 x:gettingstarted_shard1_replica_n1] org.apache.solr.update.CommitTracker; Hard AutoCommit: if uncommited for 15000ms; 
INFO  - 2017-11-24 08:56:22.255; [c:gettingstarted s:shard1 r:core_node3 x:gettingstarted_shard1_replica_n1] org.apache.solr.update.CommitTracker; Soft AutoCommit: if uncommited for 3000ms; 
INFO  - 2017-11-24 08:56:22.256; [c:gettingstarted s:shard1 r:core_node3 x:gettingstarted_shard1_replica_n1] org.apache.solr.search.SolrIndexSearcher; Opening [Searcher@6dc8c7c3[gettingstarted_shard1_replica_n1] main]
INFO  - 2017-11-24 08:56:22.264; [c:gettingstarted s:shard2 r:core_node7 x:gettingstarted_shard2_replica_n4] org.apache.solr.handler.SolrConfigHandler$Command; expecting overlay version 3 but my version is 2
INFO  - 2017-11-24 08:56:22.266; [c:gettingstarted s:shard2 r:core_node7 x:gettingstarted_shard2_replica_n4] org.apache.solr.core.SolrCore; [gettingstarted_shard2_replica_n4]  webapp=/solr path=/config/znodeVersion params={overlay=3&wt=javabin&version=2} status=0 QTime=1
INFO  - 2017-11-24 08:56:22.267; [c:gettingstarted s:shard2 r:core_node7 x:gettingstarted_shard2_replica_n4] org.apache.solr.handler.SolrConfigHandler$Command; Another reload is in progress . Not doing anything
INFO  - 2017-11-24 08:56:22.294; [c:gettingstarted s:shard1 r:core_node3 x:gettingstarted_shard1_replica_n1] org.apache.solr.rest.ManagedResourceStorage$ZooKeeperStorageIO; Configured ZooKeeperStorageIO with znodeBase: /configs/gettingstarted
INFO  - 2017-11-24 08:56:22.313; [c:gettingstarted s:shard1 r:core_node3 x:gettingstarted_shard1_replica_n1] org.apache.solr.rest.ManagedResourceStorage; Loaded null at path _rest_managed.json using ZooKeeperStorageIO:path=/configs/gettingstarted
INFO  - 2017-11-24 08:56:22.313; [c:gettingstarted s:shard1 r:core_node3 x:gettingstarted_shard1_replica_n1] org.apache.solr.schema.ZkIndexSchemaReader; Creating ZooKeeper watch for the managed schema at /configs/gettingstarted/managed-schema
INFO  - 2017-11-24 08:56:22.321; [c:gettingstarted s:shard1 r:core_node3 x:gettingstarted_shard1_replica_n1] org.apache.solr.schema.ZkIndexSchemaReader; Current schema version 10 is already the latest
INFO  - 2017-11-24 08:56:22.321; [c:gettingstarted s:shard1 r:core_node3 x:gettingstarted_shard1_replica_n1] org.apache.solr.handler.component.SpellCheckComponent; Initializing spell checkers
INFO  - 2017-11-24 08:56:22.322; [c:gettingstarted s:shard1 r:core_node3 x:gettingstarted_shard1_replica_n1] org.apache.solr.spelling.DirectSolrSpellChecker; init: {name=default,field=_text_,classname=solr.DirectSolrSpellChecker,distanceMeasure=internal,accuracy=0.5,maxEdits=2,minPrefix=1,maxInspections=5,minQueryLength=4,maxQueryFrequency=0.01}
INFO  - 2017-11-24 08:56:22.328; [c:gettingstarted s:shard1 r:core_node3 x:gettingstarted_shard1_replica_n1] org.apache.solr.handler.SolrConfigHandler$Command; expecting overlay version 3 but my version is 2
INFO  - 2017-11-24 08:56:22.328; [c:gettingstarted s:shard1 r:core_node3 x:gettingstarted_shard1_replica_n1] org.apache.solr.core.SolrCore; [gettingstarted_shard1_replica_n1]  webapp=/solr path=/config/znodeVersion params={overlay=3&wt=javabin&version=2} status=0 QTime=1
INFO  - 2017-11-24 08:56:22.329; [c:gettingstarted s:shard1 r:core_node3 x:gettingstarted_shard1_replica_n1] org.apache.solr.handler.ReplicationHandler; Commits will be reserved for 10000ms.
INFO  - 2017-11-24 08:56:22.329; [c:gettingstarted s:shard1 r:core_node3 x:gettingstarted_shard1_replica_n1] org.apache.solr.handler.SolrConfigHandler$Command; Another reload is in progress . Not doing anything
INFO  - 2017-11-24 08:56:22.332; [c:gettingstarted s:shard1 r:core_node3 x:gettingstarted_shard1_replica_n1] org.apache.solr.core.QuerySenderListener; QuerySenderListener sending requests to Searcher@6dc8c7c3[gettingstarted_shard1_replica_n1] main{ExitableDirectoryReader(UninvertingDirectoryReader(Uninverting(_0(7.1.0):C7) Uninverting(_1(7.1.0):C9) Uninverting(_2(7.1.0):C4) Uninverting(_3(7.1.0):C2)))}
INFO  - 2017-11-24 08:56:22.332; [c:gettingstarted s:shard1 r:core_node3 x:gettingstarted_shard1_replica_n1] org.apache.solr.core.QuerySenderListener; QuerySenderListener done.
INFO  - 2017-11-24 08:56:22.332; [c:gettingstarted s:shard1 r:core_node3 x:gettingstarted_shard1_replica_n1] org.apache.solr.handler.component.SpellCheckComponent$SpellCheckerListener; Loading spell index for spellchecker: default
INFO  - 2017-11-24 08:56:22.333; [c:gettingstarted s:shard1 r:core_node3 x:gettingstarted_shard1_replica_n1] org.apache.solr.core.SolrCore; [gettingstarted_shard1_replica_n1] Registered new searcher Searcher@6dc8c7c3[gettingstarted_shard1_replica_n1] main{ExitableDirectoryReader(UninvertingDirectoryReader(Uninverting(_0(7.1.0):C7) Uninverting(_1(7.1.0):C9) Uninverting(_2(7.1.0):C4) Uninverting(_3(7.1.0):C2)))}
INFO  - 2017-11-24 08:56:22.349; [c:gettingstarted s:shard1 r:core_node3 x:gettingstarted_shard1_replica_n1] org.apache.solr.update.DefaultSolrCoreState; New IndexWriter is ready to be used.
INFO  - 2017-11-24 08:56:22.362; [c:gettingstarted s:shard1 r:core_node3 x:gettingstarted_shard1_replica_n1] org.apache.solr.search.SolrIndexSearcher; Opening [Searcher@7202aa8e[gettingstarted_shard1_replica_n1] main]
INFO  - 2017-11-24 08:56:22.365; [c:gettingstarted s:shard1 r:core_node3 x:gettingstarted_shard1_replica_n1] org.apache.solr.core.QuerySenderListener; QuerySenderListener sending requests to Searcher@7202aa8e[gettingstarted_shard1_replica_n1] main{ExitableDirectoryReader(UninvertingDirectoryReader(Uninverting(_0(7.1.0):C7) Uninverting(_1(7.1.0):C9) Uninverting(_2(7.1.0):C4) Uninverting(_3(7.1.0):C2)))}
INFO  - 2017-11-24 08:56:22.365; [c:gettingstarted s:shard1 r:core_node3 x:gettingstarted_shard1_replica_n1] org.apache.solr.core.QuerySenderListener; QuerySenderListener done.
INFO  - 2017-11-24 08:56:22.365; [c:gettingstarted s:shard1 r:core_node3 x:gettingstarted_shard1_replica_n1] org.apache.solr.core.SolrCore; [gettingstarted_shard1_replica_n1] Registered new searcher Searcher@7202aa8e[gettingstarted_shard1_replica_n1] main{ExitableDirectoryReader(UninvertingDirectoryReader(Uninverting(_0(7.1.0):C7) Uninverting(_1(7.1.0):C9) Uninverting(_2(7.1.0):C4) Uninverting(_3(7.1.0):C2)))}
INFO  - 2017-11-24 08:56:22.366; [c:gettingstarted s:shard1 r:core_node3 x:gettingstarted_shard1_replica_n1] org.apache.solr.core.SolrCore; [gettingstarted_shard1_replica_n1]  CLOSING SolrCore org.apache.solr.core.SolrCore@78ad184d
INFO  - 2017-11-24 08:56:22.366; [c:gettingstarted s:shard1 r:core_node3 x:gettingstarted_shard1_replica_n1] org.apache.solr.metrics.SolrMetricManager; Closing metric reporters for registry=solr.core.gettingstarted.shard1.replica_n1, tag=2024609869
INFO  - 2017-11-24 08:56:22.366; [c:gettingstarted s:shard1 r:core_node3 x:gettingstarted_shard1_replica_n1] org.apache.solr.metrics.SolrMetricManager; Closing metric reporters for registry=solr.collection.gettingstarted.shard1.leader, tag=2024609869
INFO  - 2017-11-24 08:56:22.375; [c:gettingstarted s:shard1 r:core_node3 x:gettingstarted_shard1_replica_n1] org.apache.solr.core.SolrCore; config update listener called for core gettingstarted_shard2_replica_n4
INFO  - 2017-11-24 08:56:22.377; [c:gettingstarted s:shard1 r:core_node3 x:gettingstarted_shard1_replica_n1] org.apache.solr.core.SolrCore; core reload gettingstarted_shard2_replica_n4
INFO  - 2017-11-24 08:56:22.378; [c:gettingstarted s:shard1 r:core_node3 x:gettingstarted_shard1_replica_n1] org.apache.solr.core.SolrCore; Another reload is in progress. Not doing anything.
INFO  - 2017-11-24 08:56:22.386; [c:gettingstarted s:shard2 r:core_node7 x:gettingstarted_shard2_replica_n4] org.apache.solr.handler.SolrConfigHandler$Command; expecting overlay version 3 but my version is 2
INFO  - 2017-11-24 08:56:22.387; [c:gettingstarted s:shard2 r:core_node7 x:gettingstarted_shard2_replica_n4] org.apache.solr.core.SolrCore; [gettingstarted_shard2_replica_n4]  webapp=/solr path=/config/znodeVersion params={overlay=3&wt=javabin&version=2} status=0 QTime=1
INFO  - 2017-11-24 08:56:22.396; [c:gettingstarted s:shard2 r:core_node7 x:gettingstarted_shard2_replica_n4] org.apache.solr.handler.SolrConfigHandler$Command; Another reload is in progress . Not doing anything
INFO  - 2017-11-24 08:56:22.445; [c:gettingstarted s:shard1 r:core_node3 x:gettingstarted_shard1_replica_n1] org.apache.solr.handler.SolrConfigHandler$Command; I already have the expected version 3 of config
INFO  - 2017-11-24 08:56:22.446; [c:gettingstarted s:shard1 r:core_node3 x:gettingstarted_shard1_replica_n1] org.apache.solr.handler.SolrConfigHandler$Command; isStale false , resourceloader org.apache.solr.cloud.ZkSolrResourceLoader
INFO  - 2017-11-24 08:56:22.446; [c:gettingstarted s:shard1 r:core_node3 x:gettingstarted_shard1_replica_n1] org.apache.solr.core.SolrCore; [gettingstarted_shard1_replica_n1]  webapp=/solr path=/config/znodeVersion params={overlay=3&wt=javabin&version=2} status=0 QTime=0
INFO  - 2017-11-24 08:56:22.454; [c:gettingstarted s:shard2 r:core_node7 x:gettingstarted_shard2_replica_n4] org.apache.solr.core.CoreContainer; Reloading SolrCore 'gettingstarted_shard2_replica_n4' using configuration from collection gettingstarted
INFO  - 2017-11-24 08:56:22.455; [c:gettingstarted s:shard2 r:core_node7 x:gettingstarted_shard2_replica_n4] org.apache.solr.core.SolrCore; [[gettingstarted_shard2_replica_n4] ] Opening new SolrCore at [C:\Users\Administrator\Desktop\solr-7.1.0\example\cloud\node2\solr\gettingstarted_shard2_replica_n4], dataDir=[C:\Users\Administrator\Desktop\solr-7.1.0\example\cloud\node2\solr\gettingstarted_shard2_replica_n4\data\]
INFO  - 2017-11-24 08:56:22.457; [c:gettingstarted s:shard2 r:core_node7 x:gettingstarted_shard2_replica_n4] org.apache.solr.response.XSLTResponseWriter; xsltCacheLifetimeSeconds=5
INFO  - 2017-11-24 08:56:22.482; [c:gettingstarted s:shard2 r:core_node7 x:gettingstarted_shard2_replica_n4] org.apache.solr.update.CommitTracker; Hard AutoCommit: if uncommited for 15000ms; 
INFO  - 2017-11-24 08:56:22.483; [c:gettingstarted s:shard2 r:core_node7 x:gettingstarted_shard2_replica_n4] org.apache.solr.update.CommitTracker; Soft AutoCommit: if uncommited for 3000ms; 
INFO  - 2017-11-24 08:56:22.486; [c:gettingstarted s:shard2 r:core_node7 x:gettingstarted_shard2_replica_n4] org.apache.solr.search.SolrIndexSearcher; Opening [Searcher@7db7102a[gettingstarted_shard2_replica_n4] main]
INFO  - 2017-11-24 08:56:22.490; [c:gettingstarted s:shard2 r:core_node7 x:gettingstarted_shard2_replica_n4] org.apache.solr.rest.ManagedResourceStorage$ZooKeeperStorageIO; Configured ZooKeeperStorageIO with znodeBase: /configs/gettingstarted
INFO  - 2017-11-24 08:56:22.491; [c:gettingstarted s:shard2 r:core_node7 x:gettingstarted_shard2_replica_n4] org.apache.solr.rest.ManagedResourceStorage; Loaded null at path _rest_managed.json using ZooKeeperStorageIO:path=/configs/gettingstarted
INFO  - 2017-11-24 08:56:22.492; [c:gettingstarted s:shard2 r:core_node7 x:gettingstarted_shard2_replica_n4] org.apache.solr.schema.ZkIndexSchemaReader; Creating ZooKeeper watch for the managed schema at /configs/gettingstarted/managed-schema
INFO  - 2017-11-24 08:56:22.502; [c:gettingstarted s:shard2 r:core_node7 x:gettingstarted_shard2_replica_n4] org.apache.solr.schema.ZkIndexSchemaReader; Current schema version 10 is already the latest
INFO  - 2017-11-24 08:56:22.503; [c:gettingstarted s:shard2 r:core_node7 x:gettingstarted_shard2_replica_n4] org.apache.solr.handler.component.SpellCheckComponent; Initializing spell checkers
INFO  - 2017-11-24 08:56:22.503; [c:gettingstarted s:shard2 r:core_node7 x:gettingstarted_shard2_replica_n4] org.apache.solr.spelling.DirectSolrSpellChecker; init: {name=default,field=_text_,classname=solr.DirectSolrSpellChecker,distanceMeasure=internal,accuracy=0.5,maxEdits=2,minPrefix=1,maxInspections=5,minQueryLength=4,maxQueryFrequency=0.01}
INFO  - 2017-11-24 08:56:22.504; [c:gettingstarted s:shard2 r:core_node7 x:gettingstarted_shard2_replica_n4] org.apache.solr.handler.ReplicationHandler; Commits will be reserved for 10000ms.
INFO  - 2017-11-24 08:56:22.510; [c:gettingstarted s:shard2 r:core_node7 x:gettingstarted_shard2_replica_n4] org.apache.solr.core.QuerySenderListener; QuerySenderListener sending requests to Searcher@7db7102a[gettingstarted_shard2_replica_n4] main{ExitableDirectoryReader(UninvertingDirectoryReader(Uninverting(_0(7.1.0):C8) Uninverting(_1(7.1.0):C10) Uninverting(_2(7.1.0):C6) Uninverting(_3(7.1.0):C2) Uninverting(_4(7.1.0):C4)))}
INFO  - 2017-11-24 08:56:22.510; [c:gettingstarted s:shard2 r:core_node7 x:gettingstarted_shard2_replica_n4] org.apache.solr.core.QuerySenderListener; QuerySenderListener done.
INFO  - 2017-11-24 08:56:22.511; [c:gettingstarted s:shard2 r:core_node7 x:gettingstarted_shard2_replica_n4] org.apache.solr.handler.component.SpellCheckComponent$SpellCheckerListener; Loading spell index for spellchecker: default
INFO  - 2017-11-24 08:56:22.511; [c:gettingstarted s:shard2 r:core_node7 x:gettingstarted_shard2_replica_n4] org.apache.solr.core.SolrCore; [gettingstarted_shard2_replica_n4] Registered new searcher Searcher@7db7102a[gettingstarted_shard2_replica_n4] main{ExitableDirectoryReader(UninvertingDirectoryReader(Uninverting(_0(7.1.0):C8) Uninverting(_1(7.1.0):C10) Uninverting(_2(7.1.0):C6) Uninverting(_3(7.1.0):C2) Uninverting(_4(7.1.0):C4)))}
INFO  - 2017-11-24 08:56:22.518; [c:gettingstarted s:shard2 r:core_node7 x:gettingstarted_shard2_replica_n4] org.apache.solr.update.DefaultSolrCoreState; New IndexWriter is ready to be used.
INFO  - 2017-11-24 08:56:22.531; [c:gettingstarted s:shard2 r:core_node7 x:gettingstarted_shard2_replica_n4] org.apache.solr.handler.SolrConfigHandler$Command; expecting overlay version 3 but my version is 2
INFO  - 2017-11-24 08:56:22.531; [c:gettingstarted s:shard2 r:core_node7 x:gettingstarted_shard2_replica_n4] org.apache.solr.core.SolrCore; [gettingstarted_shard2_replica_n4]  webapp=/solr path=/config/znodeVersion params={overlay=3&wt=javabin&version=2} status=0 QTime=1
INFO  - 2017-11-24 08:56:22.538; [c:gettingstarted s:shard2 r:core_node7 x:gettingstarted_shard2_replica_n4] org.apache.solr.handler.SolrConfigHandler$Command; Another reload is in progress . Not doing anything
INFO  - 2017-11-24 08:56:22.547; [c:gettingstarted s:shard2 r:core_node7 x:gettingstarted_shard2_replica_n4] org.apache.solr.search.SolrIndexSearcher; Opening [Searcher@5b4a5320[gettingstarted_shard2_replica_n4] main]
INFO  - 2017-11-24 08:56:22.548; [c:gettingstarted s:shard2 r:core_node7 x:gettingstarted_shard2_replica_n4] org.apache.solr.core.SolrCore; [gettingstarted_shard2_replica_n4]  CLOSING SolrCore org.apache.solr.core.SolrCore@6d4277ef
INFO  - 2017-11-24 08:56:22.548; [c:gettingstarted s:shard2 r:core_node7 x:gettingstarted_shard2_replica_n4] org.apache.solr.metrics.SolrMetricManager; Closing metric reporters for registry=solr.core.gettingstarted.shard2.replica_n4, tag=1833072623
INFO  - 2017-11-24 08:56:22.548; [c:gettingstarted s:shard2 r:core_node7 x:gettingstarted_shard2_replica_n4] org.apache.solr.metrics.SolrMetricManager; Closing metric reporters for registry=solr.collection.gettingstarted.shard2.leader, tag=1833072623
INFO  - 2017-11-24 08:56:22.548; [c:gettingstarted s:shard2 r:core_node7 x:gettingstarted_shard2_replica_n4] org.apache.solr.core.QuerySenderListener; QuerySenderListener sending requests to Searcher@5b4a5320[gettingstarted_shard2_replica_n4] main{ExitableDirectoryReader(UninvertingDirectoryReader(Uninverting(_0(7.1.0):C8) Uninverting(_1(7.1.0):C10) Uninverting(_2(7.1.0):C6) Uninverting(_3(7.1.0):C2) Uninverting(_4(7.1.0):C4)))}
INFO  - 2017-11-24 08:56:22.548; [c:gettingstarted s:shard2 r:core_node7 x:gettingstarted_shard2_replica_n4] org.apache.solr.core.QuerySenderListener; QuerySenderListener done.
INFO  - 2017-11-24 08:56:22.548; [c:gettingstarted s:shard2 r:core_node7 x:gettingstarted_shard2_replica_n4] org.apache.solr.core.SolrCore; [gettingstarted_shard2_replica_n4] Registered new searcher Searcher@5b4a5320[gettingstarted_shard2_replica_n4] main{ExitableDirectoryReader(UninvertingDirectoryReader(Uninverting(_0(7.1.0):C8) Uninverting(_1(7.1.0):C10) Uninverting(_2(7.1.0):C6) Uninverting(_3(7.1.0):C2) Uninverting(_4(7.1.0):C4)))}
INFO  - 2017-11-24 08:56:22.637; [c:gettingstarted s:shard2 r:core_node7 x:gettingstarted_shard2_replica_n4] org.apache.solr.handler.SolrConfigHandler$Command; I already have the expected version 3 of config
INFO  - 2017-11-24 08:56:22.637; [c:gettingstarted s:shard2 r:core_node7 x:gettingstarted_shard2_replica_n4] org.apache.solr.handler.SolrConfigHandler$Command; isStale false , resourceloader org.apache.solr.cloud.ZkSolrResourceLoader
INFO  - 2017-11-24 08:56:22.638; [c:gettingstarted s:shard2 r:core_node7 x:gettingstarted_shard2_replica_n4] org.apache.solr.core.SolrCore; [gettingstarted_shard2_replica_n4]  webapp=/solr path=/config/znodeVersion params={overlay=3&wt=javabin&version=2} status=0 QTime=0
INFO  - 2017-11-24 09:03:06.090; [   ] org.eclipse.jetty.server.AbstractConnector; Stopped ServerConnector@b83a9be{HTTP/1.1,[http/1.1]}{0.0.0.0:7574}
INFO  - 2017-11-24 09:03:06.091; [   ] org.apache.solr.core.CoreContainer; Shutting down CoreContainer instance=232307208
INFO  - 2017-11-24 09:03:06.091; [   ] org.apache.solr.metrics.SolrMetricManager; Closing metric reporters for registry=solr.node, tag=null
INFO  - 2017-11-24 09:03:06.091; [   ] org.apache.solr.metrics.SolrMetricManager; Closing metric reporters for registry=solr.jvm, tag=null
INFO  - 2017-11-24 09:03:06.091; [   ] org.apache.solr.metrics.SolrMetricManager; Closing metric reporters for registry=solr.jetty, tag=null
INFO  - 2017-11-24 09:03:06.098; [   ] org.apache.solr.metrics.SolrMetricManager; Closing metric reporters for registry=solr.cluster, tag=null
INFO  - 2017-11-24 09:03:06.100; [c:gettingstarted s:shard1 r:core_node3 x:gettingstarted_shard1_replica_n1] org.apache.solr.core.SolrCore; [gettingstarted_shard1_replica_n1]  CLOSING SolrCore org.apache.solr.core.SolrCore@65fb32f
INFO  - 2017-11-24 09:03:06.100; [c:gettingstarted s:shard1 r:core_node3 x:gettingstarted_shard1_replica_n1] org.apache.solr.metrics.SolrMetricManager; Closing metric reporters for registry=solr.core.gettingstarted.shard1.replica_n1, tag=106935087
INFO  - 2017-11-24 09:03:06.100; [c:gettingstarted s:shard1 r:core_node3 x:gettingstarted_shard1_replica_n1] org.apache.solr.metrics.SolrMetricManager; Closing metric reporters for registry=solr.collection.gettingstarted.shard1.leader, tag=106935087
INFO  - 2017-11-24 09:03:06.100; [c:gettingstarted s:shard2 r:core_node7 x:gettingstarted_shard2_replica_n4] org.apache.solr.core.SolrCore; [gettingstarted_shard2_replica_n4]  CLOSING SolrCore org.apache.solr.core.SolrCore@6f77e36b
INFO  - 2017-11-24 09:03:06.100; [c:gettingstarted s:shard2 r:core_node7 x:gettingstarted_shard2_replica_n4] org.apache.solr.metrics.SolrMetricManager; Closing metric reporters for registry=solr.core.gettingstarted.shard2.replica_n4, tag=1870127979
INFO  - 2017-11-24 09:03:06.100; [c:gettingstarted s:shard2 r:core_node7 x:gettingstarted_shard2_replica_n4] org.apache.solr.metrics.SolrMetricManager; Closing metric reporters for registry=solr.collection.gettingstarted.shard2.leader, tag=1870127979
INFO  - 2017-11-24 09:03:06.110; [   ] org.apache.solr.common.cloud.ZkStateReader$StateWatcher; A cluster state change: [WatchedEvent state:SyncConnected type:NodeDataChanged path:/collections/gettingstarted/state.json] for collection [gettingstarted] has occurred - updating... (live nodes size: [2])
INFO  - 2017-11-24 09:03:06.110; [   ] org.apache.solr.common.cloud.ZkStateReader$StateWatcher; A cluster state change: [WatchedEvent state:SyncConnected type:NodeDataChanged path:/collections/gettingstarted/state.json] for collection [gettingstarted] has occurred - updating... (live nodes size: [2])
WARN  - 2017-11-24 09:03:06.123; [   ] org.apache.solr.common.cloud.ZkStateReader$LiveNodeWatcher; ZooKeeper watch triggered, but Solr cannot talk to ZK: [KeeperErrorCode = Session expired for /live_nodes]
INFO  - 2017-11-24 09:03:06.133; [   ] org.eclipse.jetty.server.handler.ContextHandler; Stopped o.e.j.w.WebAppContext@305fd85d{/solr,null,UNAVAILABLE}{C:\Users\Administrator\Desktop\solr-7.1.0\server/solr-webapp/webapp}
